<?xml version="1.0" encoding="UTF-8"?>
<testsuite xmlns:xsi="http://www.w3.org/2001/XMLSchema-instance" xsi:noNamespaceSchemaLocation="https://maven.apache.org/surefire/maven-surefire-plugin/xsd/surefire-test-report-3.0.xsd" version="3.0" name="webapptest.test" time="5.019" tests="2" errors="2" skipped="0" failures="0">
  <properties>
[...]
</properties>
  <testcase name="testLoginPage" classname="webapptest.test" time="4.709">
    <error type="java.lang.RuntimeException"><![CDATA[java.lang.RuntimeException: org.apache.http.conn.HttpHostConnectException: Connect to localhost:8060 [localhost/127.0.0.1, localhost/0:0:0:0:0:0:0:1] failed: Connection refused: connect
	at webapptest.test.testLoginPage(test.java:58)
Caused by: org.apache.http.conn.HttpHostConnectException: Connect to localhost:8060 [localhost/127.0.0.1, localhost/0:0:0:0:0:0:0:1] failed: Connection refused: connect
	at webapptest.test.testLoginPage(test.java:58)
Caused by: java.net.ConnectException: Connection refused: connect
	at webapptest.test.testLoginPage(test.java:58)
]]></error>
    <system-err><![CDATA[Nov 07, 2023 5:31:30 PM org.junit.platform.launcher.core.TestExecutionListenerRegistry lambda$notifyEach$1
WARNING: TestExecutionListener [org.junit.platform.launcher.listeners.UniqueIdTrackingListener] threw exception for method: testPlanExecutionStarted(org.junit.platform.launcher.core.InternalTestPlan@78e94dcf)
java.lang.NoSuchMethodError: 'org.junit.platform.engine.ConfigurationParameters org.junit.platform.launcher.TestPlan.getConfigurationParameters()'
	at org.junit.platform.launcher.listeners.UniqueIdTrackingListener.testPlanExecutionStarted(UniqueIdTrackingListener.java:143)
	at org.junit.platform.launcher.core.TestExecutionListenerRegistry$CompositeTestExecutionListener.lambda$testPlanExecutionStarted$12(TestExecutionListenerRegistry.java:115)
	at org.junit.platform.launcher.core.TestExecutionListenerRegistry.lambda$notifyEach$1(TestExecutionListenerRegistry.java:67)
	at java.base/java.util.ArrayList.forEach(ArrayList.java:1511)
	at org.junit.platform.launcher.core.TestExecutionListenerRegistry.notifyEach(TestExecutionListenerRegistry.java:65)
	at org.junit.platform.launcher.core.TestExecutionListenerRegistry.access$200(TestExecutionListenerRegistry.java:32)
	at org.junit.platform.launcher.core.TestExecutionListenerRegistry$CompositeTestExecutionListener.testPlanExecutionStarted(TestExecutionListenerRegistry.java:115)
	at org.junit.platform.launcher.core.DefaultLauncher.lambda$execute$5(DefaultLauncher.java:200)
	at org.junit.platform.launcher.core.DefaultLauncher.withInterceptedStreams(DefaultLauncher.java:226)
	at org.junit.platform.launcher.core.DefaultLauncher.execute(DefaultLauncher.java:199)
	at org.junit.platform.launcher.core.DefaultLauncher.execute(DefaultLauncher.java:132)
	at org.apache.maven.surefire.junitplatform.JUnitPlatformProvider.execute(JUnitPlatformProvider.java:188)
	at org.apache.maven.surefire.junitplatform.JUnitPlatformProvider.invokeAllTests(JUnitPlatformProvider.java:154)
	at org.apache.maven.surefire.junitplatform.JUnitPlatformProvider.invoke(JUnitPlatformProvider.java:128)
	at org.apache.maven.surefire.booter.ForkedBooter.runSuitesInProcess(ForkedBooter.java:428)
	at org.apache.maven.surefire.booter.ForkedBooter.execute(ForkedBooter.java:162)
	at org.apache.maven.surefire.booter.ForkedBooter.run(ForkedBooter.java:562)
	at org.apache.maven.surefire.booter.ForkedBooter.main(ForkedBooter.java:548)

]]></system-err>
  </testcase>
  <testcase name="testSelenium" classname="webapptest.test" time="0.237">
    <error type="java.lang.IllegalStateException"><![CDATA[java.lang.IllegalStateException: The driver executable does not exist: C:\Users\suriyanarayanan\Desktop\chromedriver
	at webapptest.test.testSelenium(test.java:82)
]]></error>
  </testcase>
</testsuite>