-------------------------------------------------------------------------------
Test set: webapptest.test
-------------------------------------------------------------------------------
Tests run: 2, Failures: 0, Errors: 2, Skipped: 0, Time elapsed: 5.019 s <<< FAILURE! - in webapptest.test
webapptest.test.testLoginPage  Time elapsed: 4.709 s  <<< ERROR!
java.lang.RuntimeException: org.apache.http.conn.HttpHostConnectException: Connect to localhost:8060 [localhost/127.0.0.1, localhost/0:0:0:0:0:0:0:1] failed: Connection refused: connect
	at webapptest.test.testLoginPage(test.java:58)
Caused by: org.apache.http.conn.HttpHostConnectException: Connect to localhost:8060 [localhost/127.0.0.1, localhost/0:0:0:0:0:0:0:1] failed: Connection refused: connect
	at webapptest.test.testLoginPage(test.java:58)
Caused by: java.net.ConnectException: Connection refused: connect
	at webapptest.test.testLoginPage(test.java:58)

webapptest.test.testSelenium  Time elapsed: 0.237 s  <<< ERROR!
java.lang.IllegalStateException: The driver executable does not exist: C:\Users\suriyanarayanan\Desktop\chromedriver
	at webapptest.test.testSelenium(test.java:82)

